<?xml version="1.0" encoding="UTF-8"?>
<!-- Generated by org.testng.reporters.JUnitXMLReporter -->
<testsuite ignored="0" hostname="DESKTOP-H0PI4DT" failures="3" tests="13" name="Test" time="0.164" errors="0" timestamp="2022-02-25T15:14:28 IST">
  <testcase classname="retryLogicExample.AmazonTest" name="addItems" time="0.02">
    <skipped/>
  </testcase> <!-- addItems -->
  <testcase classname="retryLogicExample.AmazonTest" name="addItems" time="0.004">
    <skipped/>
  </testcase> <!-- addItems -->
  <testcase classname="retryLogicExample.AmazonTest" name="addItems" time="0.002">
    <failure type="java.lang.AssertionError" message="expected [true] but found [false]">
      <![CDATA[java.lang.AssertionError: expected [true] but found [false]
at retryLogicExample.AmazonTest.addItems(AmazonTest.java:27)
at java.base/java.util.ArrayList.forEach(ArrayList.java:1511)
... Removed 31 stack frames]]>
    </failure>
  </testcase> <!-- addItems -->
  <testcase classname="retryLogicExample.AmazonTest" name="checkout" time="0.001"/>
  <testcase classname="retryLogicExample.AmazonTest" name="payment" time="0.003">
    <skipped/>
  </testcase> <!-- payment -->
  <testcase classname="retryLogicExample.AmazonTest" name="payment" time="0.002">
    <skipped/>
  </testcase> <!-- payment -->
  <testcase classname="retryLogicExample.AmazonTest" name="payment" time="0.001">
    <failure type="java.lang.AssertionError" message="expected [true] but found [false]">
      <![CDATA[java.lang.AssertionError: expected [true] but found [false]
at retryLogicExample.AmazonTest.payment(AmazonTest.java:37)
at java.base/java.util.ArrayList.forEach(ArrayList.java:1511)
... Removed 31 stack frames]]>
    </failure>
  </testcase> <!-- payment -->
  <testcase classname="retryLogicExample.AmazonTest" name="serachItem" time="0.003"/>
  <testcase classname="retryLogicExample.HRMLoginTestCase" name="login" time="0.002"/>
  <testcase classname="retryLogicExample.HRMLoginTestCase" name="logout" time="0.002"/>
  <testcase classname="retryLogicExample.HRMLoginTestCase" name="verifyDashBoard" time="0.002">
    <skipped/>
  </testcase> <!-- verifyDashBoard -->
  <testcase classname="retryLogicExample.HRMLoginTestCase" name="verifyDashBoard" time="0.002">
    <skipped/>
  </testcase> <!-- verifyDashBoard -->
  <testcase classname="retryLogicExample.HRMLoginTestCase" name="verifyDashBoard" time="0.002">
    <failure type="java.lang.AssertionError" message="expected [true] but found [false]">
      <![CDATA[java.lang.AssertionError: expected [true] but found [false]
at retryLogicExample.HRMLoginTestCase.verifyDashBoard(HRMLoginTestCase.java:27)
at java.base/java.util.ArrayList.forEach(ArrayList.java:1511)
... Removed 31 stack frames]]>
    </failure>
  </testcase> <!-- verifyDashBoard -->
</testsuite> <!-- Test -->
