<?xml version="1.0" encoding="UTF-8"?>
<testng-results skipped="0" failed="0" ignored="0" total="1" passed="1">
  <reporter-output>
  </reporter-output>
  <suite name="Suite" duration-ms="62906" started-at="2022-02-25T16:52:41 IST" finished-at="2022-02-25T16:53:44 IST">
    <groups>
    </groups>
    <test name="Test" duration-ms="62906" started-at="2022-02-25T16:52:41 IST" finished-at="2022-02-25T16:53:44 IST">
      <class name="excelFileExample.RegisterStudentExcelTest">
        <test-method status="PASS" signature="RegistrationDataDrivernTest()[pri:0, instance:excelFileExample.RegisterStudentExcelTest@31610302]" name="RegistrationDataDrivernTest" duration-ms="62808" started-at="2022-02-25T16:52:41 IST" finished-at="2022-02-25T16:53:44 IST">
          <reporter-output>
          </reporter-output>
        </test-method> <!-- RegistrationDataDrivernTest -->
      </class> <!-- excelFileExample.RegisterStudentExcelTest -->
    </test> <!-- Test -->
  </suite> <!-- Suite -->
</testng-results>
